<?xml version="1.0" encoding="UTF-8"?>
<testng-results ignored="0" total="6" passed="5" failed="1" skipped="0">
  <reporter-output>
  </reporter-output>
  <suite started-at="2021-11-22T16:11:13Z" name="Default suite" finished-at="2021-11-22T16:11:45Z" duration-ms="31787">
    <groups>
    </groups>
    <test started-at="2021-11-22T16:11:13Z" name="Default test" finished-at="2021-11-22T16:11:45Z" duration-ms="31787">
      <class name="test.HomePageTest">
        <test-method is-config="true" signature="setUp()[pri:0, instance:test.HomePageTest@712625fd]" started-at="2021-11-22T21:41:13Z" name="setUp" finished-at="2021-11-22T21:41:25Z" duration-ms="12177" status="PASS">
          <reporter-output>
          </reporter-output>
        </test-method> <!-- setUp -->
        <test-method signature="languageChange()[pri:1, instance:test.HomePageTest@712625fd]" started-at="2021-11-22T21:41:25Z" name="languageChange" finished-at="2021-11-22T21:41:30Z" duration-ms="4366" status="PASS">
          <reporter-output>
          </reporter-output>
        </test-method> <!-- languageChange -->
        <test-method signature="articletestcase()[pri:2, instance:test.HomePageTest@712625fd]" started-at="2021-11-22T21:41:30Z" name="articletestcase" finished-at="2021-11-22T21:41:36Z" duration-ms="6216" status="PASS">
          <reporter-output>
          </reporter-output>
        </test-method> <!-- articletestcase -->
        <test-method signature="validateArticleUrl()[pri:3, instance:test.HomePageTest@712625fd]" started-at="2021-11-22T21:41:36Z" name="validateArticleUrl" finished-at="2021-11-22T21:41:36Z" duration-ms="25" status="PASS">
          <reporter-output>
          </reporter-output>
        </test-method> <!-- validateArticleUrl -->
        <test-method signature="search()[pri:4, instance:test.HomePageTest@712625fd]" started-at="2021-11-22T21:41:36Z" name="search" finished-at="2021-11-22T21:41:43Z" duration-ms="6691" status="PASS">
          <reporter-output>
          </reporter-output>
        </test-method> <!-- search -->
        <test-method signature="validateResult()[pri:5, instance:test.HomePageTest@712625fd]" started-at="2021-11-22T21:41:43Z" name="validateResult" finished-at="2021-11-22T21:41:43Z" duration-ms="26" status="PASS">
          <reporter-output>
          </reporter-output>
        </test-method> <!-- validateResult -->
        <test-method signature="linksTestcase()[pri:6, instance:test.HomePageTest@712625fd]" started-at="2021-11-22T21:41:43Z" name="linksTestcase" finished-at="2021-11-22T21:41:45Z" duration-ms="2248" status="FAIL">
          <exception class="java.lang.NullPointerException">
            <message>
              <![CDATA[Cannot invoke "String.contains(java.lang.CharSequence)" because the return value of "org.openqa.selenium.WebElement.getAttribute(String)" is null]]>
            </message>
            <full-stacktrace>
              <![CDATA[java.lang.NullPointerException: Cannot invoke "String.contains(java.lang.CharSequence)" because the return value of "org.openqa.selenium.WebElement.getAttribute(String)" is null
	at test.HomePageTest.linksTestcase(HomePageTest.java:62)
	at java.base/jdk.internal.reflect.NativeMethodAccessorImpl.invoke0(Native Method)
	at java.base/jdk.internal.reflect.NativeMethodAccessorImpl.invoke(NativeMethodAccessorImpl.java:78)
	at java.base/jdk.internal.reflect.DelegatingMethodAccessorImpl.invoke(DelegatingMethodAccessorImpl.java:43)
	at java.base/java.lang.reflect.Method.invoke(Method.java:567)
	at org.testng.internal.MethodInvocationHelper.invokeMethod(MethodInvocationHelper.java:108)
	at org.testng.internal.Invoker.invokeMethod(Invoker.java:661)
	at org.testng.internal.Invoker.invokeTestMethod(Invoker.java:869)
	at org.testng.internal.Invoker.invokeTestMethods(Invoker.java:1193)
	at org.testng.internal.TestMethodWorker.invokeTestMethods(TestMethodWorker.java:126)
	at org.testng.internal.TestMethodWorker.run(TestMethodWorker.java:109)
	at org.testng.TestRunner.privateRun(TestRunner.java:744)
	at org.testng.TestRunner.run(TestRunner.java:602)
	at org.testng.SuiteRunner.runTest(SuiteRunner.java:380)
	at org.testng.SuiteRunner.runSequentially(SuiteRunner.java:375)
	at org.testng.SuiteRunner.privateRun(SuiteRunner.java:340)
	at org.testng.SuiteRunner.run(SuiteRunner.java:289)
	at org.testng.SuiteRunnerWorker.runSuite(SuiteRunnerWorker.java:52)
	at org.testng.SuiteRunnerWorker.run(SuiteRunnerWorker.java:86)
	at org.testng.TestNG.runSuitesSequentially(TestNG.java:1301)
	at org.testng.TestNG.runSuitesLocally(TestNG.java:1226)
	at org.testng.TestNG.runSuites(TestNG.java:1144)
	at org.testng.TestNG.run(TestNG.java:1115)
	at org.testng.remote.AbstractRemoteTestNG.run(AbstractRemoteTestNG.java:115)
	at org.testng.remote.RemoteTestNG.initAndRun(RemoteTestNG.java:251)
	at org.testng.remote.RemoteTestNG.main(RemoteTestNG.java:77)
]]>
            </full-stacktrace>
          </exception> <!-- java.lang.NullPointerException -->
          <reporter-output>
          </reporter-output>
        </test-method> <!-- linksTestcase -->
      </class> <!-- test.HomePageTest -->
    </test> <!-- Default test -->
  </suite> <!-- Default suite -->
</testng-results>
