<?xml version="1.0" encoding="UTF-8"?>
<!-- Generated by org.testng.reporters.JUnitXMLReporter -->
<testsuite ignored="0" hostname="DESKTOP-L4D7TQN" failures="1" tests="6" name="Test" time="27.457" errors="0" timestamp="22 Nov 2021 16:00:02 GMT">
  <testcase classname="test.ValidateLinks" name="linksTestcase" time="0.022">
    <failure type="java.lang.NullPointerException" message="Cannot invoke &amp;quot;org.openqa.selenium.WebDriver.findElements(org.openqa.selenium.By)&amp;quot; because &amp;quot;test.ValidateLinks.driver&amp;quot; is null">
      <![CDATA[java.lang.NullPointerException: Cannot invoke "org.openqa.selenium.WebDriver.findElements(org.openqa.selenium.By)" because "test.ValidateLinks.driver" is null
	at test.ValidateLinks.linksTestcase(ValidateLinks.java:18)
... Removed 25 stack frames]]>
    </failure>
  </testcase> <!-- linksTestcase -->
  <testcase classname="test.HomePageTest" name="languageChange" time="3.948"/>
  <testcase classname="test.HomePageTest" name="articletestcase" time="4.129"/>
  <testcase classname="test.HomePageTest" name="validateArticleUrl" time="0.023"/>
  <testcase classname="test.HomePageTest" name="search" time="6.795"/>
  <testcase classname="test.HomePageTest" name="validateResult" time="0.013"/>
</testsuite> <!-- Test -->
